<?xml version="1.0" encoding="UTF-8"?>
<!-- Generated by org.testng.reporters.JUnitReportReporter -->
<testsuite skipped="0" hostname="LAPTOP-TO602G7N" name="SQL_Test.Test_CustomerTest" tests="1" failures="0" timestamp="2020-09-22T19:17:07 CDT" time="14.919" errors="0">
  <testcase name="Testing" time="14.919" classname="SQL_Test.Test_CustomerTest"/>
  <system-out/>
</testsuite> <!-- SQL_Test.Test_CustomerTest -->
